<?xml version="1.0" encoding="UTF-8"?>
<!-- Generated by org.testng.reporters.JUnitReportReporter -->
<testsuite hostname="DESKTOP-7KJTV22" failures="0" tests="6" name="com.qa.opencart.tests.LoginPageTest" time="8.822" errors="0" timestamp="2025-05-03T17:25:16 IST" skipped="0">
  <testcase classname="com.qa.opencart.tests.LoginPageTest" name="loginPageTitleTest" time="1.140"/>
  <testcase classname="com.qa.opencart.tests.LoginPageTest" name="loginPageTitleTest" time="0.114"/>
  <testcase classname="com.qa.opencart.tests.LoginPageTest" name="loginPageURLTest" time="0.153"/>
  <testcase classname="com.qa.opencart.tests.LoginPageTest" name="loginPageURLTest" time="0.077"/>
  <testcase classname="com.qa.opencart.tests.LoginPageTest" name="loginTest" time="4.130"/>
  <testcase classname="com.qa.opencart.tests.LoginPageTest" name="loginTest" time="3.208"/>
</testsuite> <!-- com.qa.opencart.tests.LoginPageTest -->
